<?xml version="1.0" encoding="UTF-8"?>
<testng-results ignored="0" total="1" passed="1" failed="0" skipped="0">
  <reporter-output>
  </reporter-output>
  <suite started-at="2025-02-11T22:15:32 IST" name="Default suite" finished-at="2025-02-11T22:15:35 IST" duration-ms="2715">
    <groups>
    </groups>
    <test started-at="2025-02-11T22:15:32 IST" name="Default test" finished-at="2025-02-11T22:15:35 IST" duration-ms="2715">
      <class name="com.api.tests.AccountCreationTest">
        <test-method signature="Account_Creation()[pri:0, instance:com.api.tests.AccountCreationTest@5876a9af]" started-at="2025-02-11T22:15:32 IST" name="Account_Creation" description="verify the user is being created" finished-at="2025-02-11T22:15:35 IST" duration-ms="2636" status="PASS">
          <reporter-output>
          </reporter-output>
        </test-method> <!-- Account_Creation -->
      </class> <!-- com.api.tests.AccountCreationTest -->
    </test> <!-- Default test -->
  </suite> <!-- Default suite -->
</testng-results>
