<?xml version="1.0" encoding="UTF-8"?>
<testng-results ignored="0" total="1" passed="1" failed="0" skipped="0">
  <reporter-output>
  </reporter-output>
  <suite started-at="2025-02-11T07:42:21 IST" name="Default suite" finished-at="2025-02-11T07:42:24 IST" duration-ms="2778">
    <groups>
    </groups>
    <test started-at="2025-02-11T07:42:21 IST" name="Default test" finished-at="2025-02-11T07:42:24 IST" duration-ms="2778">
      <class name="com.api.tests.LoginApiTest">
        <test-method signature="login()[pri:0, instance:com.api.tests.LoginApiTest@5876a9af]" started-at="2025-02-11T07:42:21 IST" name="login" description="Verify the login API is working fine" finished-at="2025-02-11T07:42:24 IST" duration-ms="2697" status="PASS">
          <reporter-output>
          </reporter-output>
        </test-method> <!-- login -->
      </class> <!-- com.api.tests.LoginApiTest -->
    </test> <!-- Default test -->
  </suite> <!-- Default suite -->
</testng-results>
